<?xml version="1.0" encoding="UTF-8"?>
<testng-results ignored="0" total="7" passed="7" failed="0" skipped="0">
  <reporter-output>
  </reporter-output>
  <suite started-at="2023-10-24T10:52:10 IST" name="EBank2TestSuite" finished-at="2023-10-24T10:52:59 IST" duration-ms="48532">
    <groups>
    </groups>
    <test started-at="2023-10-24T10:52:10 IST" name="Login Test" finished-at="2023-10-24T10:52:45 IST" duration-ms="35371">
      <class name="LoginPageTest">
        <test-method is-config="true" signature="setFirst()[pri:0, instance:LoginPageTest@7748410a]" started-at="2023-10-24T10:52:10 IST" name="setFirst" finished-at="2023-10-24T10:52:23 IST" duration-ms="12434" status="PASS">
          <reporter-output>
          </reporter-output>
        </test-method> <!-- setFirst -->
        <test-method signature="testLoginWithEmptyInputs()[pri:0, instance:LoginPageTest@7748410a]" started-at="2023-10-24T10:52:23 IST" name="testLoginWithEmptyInputs" finished-at="2023-10-24T10:52:24 IST" duration-ms="1036" status="PASS">
          <reporter-output>
          </reporter-output>
        </test-method> <!-- testLoginWithEmptyInputs -->
        <test-method is-config="true" signature="setLast()[pri:0, instance:LoginPageTest@7748410a]" started-at="2023-10-24T10:52:24 IST" name="setLast" finished-at="2023-10-24T10:52:24 IST" duration-ms="405" status="PASS">
          <reporter-output>
          </reporter-output>
        </test-method> <!-- setLast -->
        <test-method is-config="true" signature="setFirst()[pri:0, instance:LoginPageTest@7748410a]" started-at="2023-10-24T10:52:24 IST" name="setFirst" finished-at="2023-10-24T10:52:28 IST" duration-ms="4291" status="PASS">
          <reporter-output>
          </reporter-output>
        </test-method> <!-- setFirst -->
        <test-method signature="testLoginWithEmptyUserId()[pri:1, instance:LoginPageTest@7748410a]" started-at="2023-10-24T10:52:28 IST" name="testLoginWithEmptyUserId" finished-at="2023-10-24T10:52:29 IST" duration-ms="855" status="PASS">
          <reporter-output>
          </reporter-output>
        </test-method> <!-- testLoginWithEmptyUserId -->
        <test-method is-config="true" signature="setLast()[pri:0, instance:LoginPageTest@7748410a]" started-at="2023-10-24T10:52:29 IST" name="setLast" finished-at="2023-10-24T10:52:29 IST" duration-ms="235" status="PASS">
          <reporter-output>
          </reporter-output>
        </test-method> <!-- setLast -->
        <test-method is-config="true" signature="setFirst()[pri:0, instance:LoginPageTest@7748410a]" started-at="2023-10-24T10:52:29 IST" name="setFirst" finished-at="2023-10-24T10:52:33 IST" duration-ms="4086" status="PASS">
          <reporter-output>
          </reporter-output>
        </test-method> <!-- setFirst -->
        <test-method signature="testLoginWithEmptyPin()[pri:2, instance:LoginPageTest@7748410a]" started-at="2023-10-24T10:52:33 IST" name="testLoginWithEmptyPin" finished-at="2023-10-24T10:52:34 IST" duration-ms="885" status="PASS">
          <reporter-output>
          </reporter-output>
        </test-method> <!-- testLoginWithEmptyPin -->
        <test-method is-config="true" signature="setLast()[pri:0, instance:LoginPageTest@7748410a]" started-at="2023-10-24T10:52:34 IST" name="setLast" finished-at="2023-10-24T10:52:35 IST" duration-ms="286" status="PASS">
          <reporter-output>
          </reporter-output>
        </test-method> <!-- setLast -->
        <test-method is-config="true" signature="setFirst()[pri:0, instance:LoginPageTest@7748410a]" started-at="2023-10-24T10:52:35 IST" name="setFirst" finished-at="2023-10-24T10:52:39 IST" duration-ms="4268" status="PASS">
          <reporter-output>
          </reporter-output>
        </test-method> <!-- setFirst -->
        <test-method signature="testLoginWithInvalidCreds()[pri:3, instance:LoginPageTest@7748410a]" started-at="2023-10-24T10:52:39 IST" name="testLoginWithInvalidCreds" finished-at="2023-10-24T10:52:40 IST" duration-ms="946" status="PASS">
          <reporter-output>
          </reporter-output>
        </test-method> <!-- testLoginWithInvalidCreds -->
        <test-method is-config="true" signature="setLast()[pri:0, instance:LoginPageTest@7748410a]" started-at="2023-10-24T10:52:40 IST" name="setLast" finished-at="2023-10-24T10:52:40 IST" duration-ms="268" status="PASS">
          <reporter-output>
          </reporter-output>
        </test-method> <!-- setLast -->
        <test-method is-config="true" signature="setFirst()[pri:0, instance:LoginPageTest@7748410a]" started-at="2023-10-24T10:52:40 IST" name="setFirst" finished-at="2023-10-24T10:52:44 IST" duration-ms="4175" status="PASS">
          <reporter-output>
          </reporter-output>
        </test-method> <!-- setFirst -->
        <test-method signature="testLoginWithValidCreds()[pri:4, instance:LoginPageTest@7748410a]" started-at="2023-10-24T10:52:44 IST" name="testLoginWithValidCreds" finished-at="2023-10-24T10:52:45 IST" duration-ms="890" status="PASS">
          <reporter-output>
          </reporter-output>
        </test-method> <!-- testLoginWithValidCreds -->
        <test-method is-config="true" signature="setLast()[pri:0, instance:LoginPageTest@7748410a]" started-at="2023-10-24T10:52:45 IST" name="setLast" finished-at="2023-10-24T10:52:45 IST" duration-ms="176" status="PASS">
          <reporter-output>
          </reporter-output>
        </test-method> <!-- setLast -->
      </class> <!-- LoginPageTest -->
    </test> <!-- Login Test -->
    <test started-at="2023-10-24T10:52:46 IST" name="Home Page Test" finished-at="2023-10-24T10:52:59 IST" duration-ms="13013">
      <class name="HomePageTest">
        <test-method is-config="true" signature="setup()[pri:0, instance:HomePageTest@2accdbb5]" started-at="2023-10-24T10:52:46 IST" name="setup" finished-at="2023-10-24T10:52:51 IST" duration-ms="5863" status="PASS">
          <reporter-output>
          </reporter-output>
        </test-method> <!-- setup -->
        <test-method signature="testHomepageHeading()[pri:1, instance:HomePageTest@2accdbb5]" started-at="2023-10-24T10:52:51 IST" name="testHomepageHeading" finished-at="2023-10-24T10:52:52 IST" duration-ms="1084" status="PASS">
          <reporter-output>
          </reporter-output>
        </test-method> <!-- testHomepageHeading -->
        <test-method is-config="true" signature="setdown()[pri:0, instance:HomePageTest@2accdbb5]" started-at="2023-10-24T10:52:52 IST" name="setdown" finished-at="2023-10-24T10:52:53 IST" duration-ms="330" status="PASS">
          <reporter-output>
          </reporter-output>
        </test-method> <!-- setdown -->
        <test-method is-config="true" signature="setup()[pri:0, instance:HomePageTest@2accdbb5]" started-at="2023-10-24T10:52:53 IST" name="setup" finished-at="2023-10-24T10:52:57 IST" duration-ms="4281" status="PASS">
          <reporter-output>
          </reporter-output>
        </test-method> <!-- setup -->
        <test-method signature="testLogoutFunctionality()[pri:2, instance:HomePageTest@2accdbb5]" started-at="2023-10-24T10:52:57 IST" name="testLogoutFunctionality" finished-at="2023-10-24T10:52:58 IST" duration-ms="1100" status="PASS">
          <reporter-output>
          </reporter-output>
        </test-method> <!-- testLogoutFunctionality -->
        <test-method is-config="true" signature="setdown()[pri:0, instance:HomePageTest@2accdbb5]" started-at="2023-10-24T10:52:58 IST" name="setdown" finished-at="2023-10-24T10:52:59 IST" duration-ms="337" status="PASS">
          <reporter-output>
          </reporter-output>
        </test-method> <!-- setdown -->
      </class> <!-- HomePageTest -->
    </test> <!-- Home Page Test -->
  </suite> <!-- EBank2TestSuite -->
</testng-results>
