<?xml version="1.0" encoding="UTF-8"?>
<!-- Generated by org.testng.reporters.JUnitXMLReporter -->
<testsuite ignored="0" hostname="DESKTOP-5AJBKML" failures="0" tests="5" name="Login Test" time="35.371" errors="0" timestamp="2023-10-24T10:52:45 IST">
  <testcase classname="LoginPageTest" name="testLoginWithEmptyInputs" time="1.036"/>
  <testcase classname="LoginPageTest" name="testLoginWithEmptyUserId" time="0.855"/>
  <testcase classname="LoginPageTest" name="testLoginWithEmptyPin" time="0.885"/>
  <testcase classname="LoginPageTest" name="testLoginWithInvalidCreds" time="0.946"/>
  <testcase classname="LoginPageTest" name="testLoginWithValidCreds" time="0.89"/>
</testsuite> <!-- Login Test -->
