<?xml version="1.0" encoding="UTF-8"?>
<!-- Generated by org.testng.reporters.JUnitXMLReporter -->
<testsuite ignored="0" hostname="DESKTOP-5AJBKML" failures="0" tests="5" name="Login Test" time="34.99" errors="0" timestamp="2023-10-31T21:13:23 IST">
  <testcase classname="LoginPageTest" name="testLoginWithEmptyInputs" time="1.35"/>
  <testcase classname="LoginPageTest" name="testLoginWithEmptyUserId" time="1.154"/>
  <testcase classname="LoginPageTest" name="testLoginWithEmptyPin" time="0.867"/>
  <testcase classname="LoginPageTest" name="testLoginWithInvalidCreds" time="1.047"/>
  <testcase classname="LoginPageTest" name="testLoginWithValidCreds" time="0.987"/>
</testsuite> <!-- Login Test -->
